<?xml version="1.0" encoding="UTF-8"?>
<!-- Generated by org.testng.reporters.JUnitReportReporter -->
<testsuite hostname="Alnobl" failures="0" tests="4" name="smartBuy.testSignupPage" time="29.258" errors="0" timestamp="2024-03-16T04:24:25 AST" skipped="1">
  <testcase classname="smartBuy.testSignupPage" name="myTest" time="12.265"/>
  <system-out/>
  <testcase classname="smartBuy.testSignupPage" name="myTest" time="9.078"/>
  <system-out/>
  <testcase classname="smartBuy.testSignupPage" name="myTest" time="7.915"/>
  <system-out/>
  <testcase classname="smartBuy.testSignupPage" name="myTestTow">
    <skipped/>
  </testcase> <!-- myTestTow -->
  <system-out/>
</testsuite> <!-- smartBuy.testSignupPage -->
